[debug] [2025-02-04T11:44:30.275Z] ----------------------------------------------------------------------
[debug] [2025-02-04T11:44:30.281Z] Command:       C:\Program Files\nodejs\node.exe C:\Users\AE\AppData\Roaming\npm\node_modules\firebase-tools\lib\bin\firebase.js init
[debug] [2025-02-04T11:44:30.282Z] CLI Version:   13.29.3
[debug] [2025-02-04T11:44:30.283Z] Platform:      win32
[debug] [2025-02-04T11:44:30.283Z] Node Version:  v23.5.0
[debug] [2025-02-04T11:44:30.283Z] Time:          Tue Feb 04 2025 17:14:30 GMT+0530 (India Standard Time)
[debug] [2025-02-04T11:44:30.284Z] ----------------------------------------------------------------------
[debug] 
[debug] [2025-02-04T11:44:30.301Z] > command requires scopes: ["email","openid","https://www.googleapis.com/auth/cloudplatformprojects.readonly","https://www.googleapis.com/auth/firebase","https://www.googleapis.com/auth/cloud-platform"]
[debug] [2025-02-04T11:44:30.302Z] > authorizing via signed-in user (sureshjogshn420@gmail.com)
[info] 
     ######## #### ########  ######## ########     ###     ######  ########
     ##        ##  ##     ## ##       ##     ##  ##   ##  ##       ##
     ######    ##  ########  ######   ########  #########  ######  ######
     ##        ##  ##    ##  ##       ##     ## ##     ##       ## ##
     ##       #### ##     ## ######## ########  ##     ##  ######  ########

You're about to initialize a Firebase project in this directory:

  C:\Users\AE\Desktop\jsc-jalor\jsc-app

[debug] [2025-02-04T11:47:29.687Z] ----------------------------------------------------------------------
[debug] [2025-02-04T11:47:29.690Z] Command:       C:\Program Files\nodejs\node.exe C:\Users\AE\AppData\Roaming\npm\node_modules\firebase-tools\lib\bin\firebase.js init
[debug] [2025-02-04T11:47:29.691Z] CLI Version:   13.29.3
[debug] [2025-02-04T11:47:29.691Z] Platform:      win32
[debug] [2025-02-04T11:47:29.691Z] Node Version:  v23.5.0
[debug] [2025-02-04T11:47:29.692Z] Time:          Tue Feb 04 2025 17:17:29 GMT+0530 (India Standard Time)
[debug] [2025-02-04T11:47:29.692Z] ----------------------------------------------------------------------
[debug] 
[debug] [2025-02-04T11:47:29.708Z] > command requires scopes: ["email","openid","https://www.googleapis.com/auth/cloudplatformprojects.readonly","https://www.googleapis.com/auth/firebase","https://www.googleapis.com/auth/cloud-platform"]
[debug] [2025-02-04T11:47:29.708Z] > authorizing via signed-in user (sureshjogshn420@gmail.com)
[info] 
     ######## #### ########  ######## ########     ###     ######  ########
     ##        ##  ##     ## ##       ##     ##  ##   ##  ##       ##
     ######    ##  ########  ######   ########  #########  ######  ######
     ##        ##  ##    ##  ##       ##     ## ##     ##       ## ##
     ##       #### ##     ## ######## ########  ##     ##  ######  ########

You're about to initialize a Firebase project in this directory:

  C:\Users\AE\Desktop\jsc-jalor\jsc-app

[info] 
=== Project Setup
[info] 
[info] First, let's associate this project directory with a Firebase project.
[info] You can create multiple project aliases by running firebase use --add, 
[info] but for now we'll just set up a default project.
[info] 
[debug] [2025-02-04T11:48:46.367Z] Checked if tokens are valid: false, expires at: 1693309968441
[debug] [2025-02-04T11:48:46.368Z] Checked if tokens are valid: false, expires at: 1693309968441
[debug] [2025-02-04T11:48:46.369Z] > refreshing access token with scopes: []
[debug] [2025-02-04T11:48:46.374Z] >>> [apiv2][query] POST https://www.googleapis.com/oauth2/v3/token [none]
[debug] [2025-02-04T11:48:46.374Z] >>> [apiv2][body] POST https://www.googleapis.com/oauth2/v3/token [omitted]
[debug] [2025-02-04T11:48:46.846Z] <<< [apiv2][status] POST https://www.googleapis.com/oauth2/v3/token 400
[debug] [2025-02-04T11:48:46.846Z] <<< [apiv2][body] POST https://www.googleapis.com/oauth2/v3/token [omitted]
[debug] [2025-02-04T11:48:46.848Z] >>> [apiv2][query] GET https://firebase.googleapis.com/v1beta1/projects pageSize=100
[debug] [2025-02-04T11:48:48.183Z] <<< [apiv2][status] GET https://firebase.googleapis.com/v1beta1/projects 401
[debug] [2025-02-04T11:48:48.183Z] <<< [apiv2][body] GET https://firebase.googleapis.com/v1beta1/projects [omitted]
[debug] [2025-02-04T11:48:48.184Z] Got a 401 Unauthenticated error for a call that required authentication. Refreshing tokens.
[debug] [2025-02-04T11:48:48.184Z] Checked if tokens are valid: false, expires at: 1693309968441
[debug] [2025-02-04T11:48:48.184Z] Checked if tokens are valid: false, expires at: 1693309968441
[debug] [2025-02-04T11:48:48.185Z] > refreshing access token with scopes: []
[debug] [2025-02-04T11:48:48.187Z] >>> [apiv2][query] POST https://www.googleapis.com/oauth2/v3/token [none]
[debug] [2025-02-04T11:48:48.188Z] >>> [apiv2][body] POST https://www.googleapis.com/oauth2/v3/token [omitted]
[debug] [2025-02-04T11:48:48.319Z] <<< [apiv2][status] POST https://www.googleapis.com/oauth2/v3/token 400
[debug] [2025-02-04T11:48:48.320Z] <<< [apiv2][body] POST https://www.googleapis.com/oauth2/v3/token [omitted]
[debug] [2025-02-04T11:48:48.323Z] Request to https://firebase.googleapis.com/v1beta1/projects?pageSize=100 had HTTP Error: 401, Request had invalid authentication credentials. Expected OAuth 2 access token, login cookie or other valid authentication credential. See https://developers.google.com/identity/sign-in/web/devconsole-project.
[debug] [2025-02-04T11:48:48.633Z] FirebaseError: Request to https://firebase.googleapis.com/v1beta1/projects?pageSize=100 had HTTP Error: 401, Request had invalid authentication credentials. Expected OAuth 2 access token, login cookie or other valid authentication credential. See https://developers.google.com/identity/sign-in/web/devconsole-project.
    at responseToError (C:\Users\AE\AppData\Roaming\npm\node_modules\firebase-tools\lib\responseToError.js:52:12)
    at RetryOperation._fn (C:\Users\AE\AppData\Roaming\npm\node_modules\firebase-tools\lib\apiv2.js:312:77)
    at process.processTicksAndRejections (node:internal/process/task_queues:105:5)
[error] 
[error] Error: Failed to list Firebase projects. See firebase-debug.log for more info.
[debug] [2025-02-04T11:49:00.777Z] ----------------------------------------------------------------------
[debug] [2025-02-04T11:49:00.782Z] Command:       C:\Program Files\nodejs\node.exe C:\Users\AE\AppData\Roaming\npm\node_modules\firebase-tools\lib\bin\firebase.js init
[debug] [2025-02-04T11:49:00.782Z] CLI Version:   13.29.3
[debug] [2025-02-04T11:49:00.783Z] Platform:      win32
[debug] [2025-02-04T11:49:00.783Z] Node Version:  v23.5.0
[debug] [2025-02-04T11:49:00.783Z] Time:          Tue Feb 04 2025 17:19:00 GMT+0530 (India Standard Time)
[debug] [2025-02-04T11:49:00.783Z] ----------------------------------------------------------------------
[debug] 
[debug] [2025-02-04T11:49:00.795Z] > command requires scopes: ["email","openid","https://www.googleapis.com/auth/cloudplatformprojects.readonly","https://www.googleapis.com/auth/firebase","https://www.googleapis.com/auth/cloud-platform"]
[debug] [2025-02-04T11:49:00.796Z] > authorizing via signed-in user (sureshjogshn420@gmail.com)
[info] 
     ######## #### ########  ######## ########     ###     ######  ########
     ##        ##  ##     ## ##       ##     ##  ##   ##  ##       ##
     ######    ##  ########  ######   ########  #########  ######  ######
     ##        ##  ##    ##  ##       ##     ## ##     ##       ## ##
     ##       #### ##     ## ######## ########  ##     ##  ######  ########

You're about to initialize a Firebase project in this directory:

  C:\Users\AE\Desktop\jsc-jalor\jsc-app

[info] 
=== Project Setup
[info] 
[info] First, let's associate this project directory with a Firebase project.
[info] You can create multiple project aliases by running firebase use --add, 
[info] but for now we'll just set up a default project.
[info] 
[info] i  If you want to create a project in a Google Cloud organization or folder, please use "firebase projects:create" instead, and return to this command when you've created the project. 
